<?xml version="1.0" encoding="UTF-8"?>
<testng-results skipped="0" failed="0" ignored="0" total="1" passed="1">
  <reporter-output>
  </reporter-output>
  <suite name="Default suite" duration-ms="40588" started-at="2020-08-14T13:25:03Z" finished-at="2020-08-14T13:25:44Z">
    <groups>
    </groups>
    <test name="Default test" duration-ms="40588" started-at="2020-08-14T13:25:03Z" finished-at="2020-08-14T13:25:44Z">
      <class name="SeleniumProgramPractice.LoginApplication">
        <test-method status="PASS" signature="Login()[pri:0, instance:SeleniumProgramPractice.LoginApplication@482f8f11]" name="Login" duration-ms="40532" started-at="2020-08-14T13:25:03Z" finished-at="2020-08-14T13:25:44Z">
          <reporter-output>
          </reporter-output>
        </test-method> <!-- Login -->
      </class> <!-- SeleniumProgramPractice.LoginApplication -->
    </test> <!-- Default test -->
  </suite> <!-- Default suite -->
</testng-results>
