<?xml version="1.0" encoding="UTF-8"?>
<testng-results skipped="0" failed="0" ignored="0" total="1" passed="1">
  <reporter-output>
  </reporter-output>
  <suite name="Default suite" duration-ms="12545" started-at="2020-08-09T08:36:26Z" finished-at="2020-08-09T08:36:39Z">
    <groups>
    </groups>
    <test name="Default test" duration-ms="12545" started-at="2020-08-09T08:36:26Z" finished-at="2020-08-09T08:36:39Z">
      <class name="SeleniumProgramPractice.LoginApplication">
        <test-method status="PASS" signature="Login()[pri:0, instance:SeleniumProgramPractice.LoginApplication@d2cc05a]" name="Login" duration-ms="12489" started-at="2020-08-09T08:36:26Z" finished-at="2020-08-09T08:36:39Z">
          <reporter-output>
          </reporter-output>
        </test-method> <!-- Login -->
      </class> <!-- SeleniumProgramPractice.LoginApplication -->
    </test> <!-- Default test -->
  </suite> <!-- Default suite -->
</testng-results>
